<?xml version="1.0" encoding="UTF-8"?>
<testng-results skipped="0" failed="0" ignored="0" total="1" passed="1">
  <reporter-output>
  </reporter-output>
  <suite name="Default suite" duration-ms="17910" started-at="2018-09-25T11:40:58Z" finished-at="2018-09-25T11:41:16Z">
    <groups>
    </groups>
    <test name="Default test" duration-ms="17910" started-at="2018-09-25T11:40:58Z" finished-at="2018-09-25T11:41:16Z">
      <class name="Pages.Login">
        <test-method status="PASS" signature="openBrowser()[pri:0, instance:Pages.Login@4501b7af]" name="openBrowser" is-config="true" duration-ms="13761" started-at="2018-09-25T17:10:58Z" finished-at="2018-09-25T17:11:11Z">
          <reporter-output>
          </reporter-output>
        </test-method> <!-- openBrowser -->
        <test-method status="PASS" signature="login1()[pri:0, instance:Pages.Login@4501b7af]" name="login1" duration-ms="3307" started-at="2018-09-25T17:11:11Z" finished-at="2018-09-25T17:11:15Z">
          <reporter-output>
          </reporter-output>
        </test-method> <!-- login1 -->
        <test-method status="PASS" signature="closeBrowser()[pri:0, instance:Pages.Login@4501b7af]" name="closeBrowser" is-config="true" duration-ms="779" started-at="2018-09-25T17:11:15Z" finished-at="2018-09-25T17:11:16Z">
          <reporter-output>
          </reporter-output>
        </test-method> <!-- closeBrowser -->
      </class> <!-- Pages.Login -->
    </test> <!-- Default test -->
  </suite> <!-- Default suite -->
</testng-results>
